Using pre-set license

 COMMAND LINE ARGUMENTS:
/Applications/Unity/Hub/Editor/2020.3.6f1/Unity.app/Contents/MacOS/Unity
-adb2
-batchMode
-noUpm
-name
AssetImportWorker3
-projectPath
/Users/mikescomputer/Desktop/GitHubs/ColorBlast/ColorBlast
-logFile
Logs/AssetImportWorker3.log
-srvPort
58056
Successfully changed project path to: /Users/mikescomputer/Desktop/GitHubs/ColorBlast/ColorBlast
/Users/mikescomputer/Desktop/GitHubs/ColorBlast/ColorBlast
Using Asset Import Pipeline V2.
Refreshing native plugins compatible for Editor in 203.29 ms, found 1 plugins.
Preloading 0 native plugins for Editor in 0.00 ms.
Initialize engine version: 2020.3.6f1 (338bb68529b2)
[Subsystems] Discovering subsystems at path /Applications/Unity/Hub/Editor/2020.3.6f1/Unity.app/Contents/Resources/UnitySubsystems
[Subsystems] Discovering subsystems at path /Users/mikescomputer/Desktop/GitHubs/ColorBlast/ColorBlast/Assets
GfxDevice: creating device client; threaded=0
2021-07-05 22:09:12.042 Unity[86629:7232176] Color LCD preferred device: Intel(R) Iris(TM) Graphics 6000 (low power)
2021-07-05 22:09:12.042 Unity[86629:7232176] Metal devices available: 1
2021-07-05 22:09:12.043 Unity[86629:7232176] 0: Intel(R) Iris(TM) Graphics 6000 (low power)
2021-07-05 22:09:12.047 Unity[86629:7232176] Using device Intel(R) Iris(TM) Graphics 6000 (low power)
Initializing Metal device caps: Intel(R) Iris(TM) Graphics 6000
Initialize mono
Mono path[0] = '/Applications/Unity/Hub/Editor/2020.3.6f1/Unity.app/Contents/Managed'
Mono path[1] = '/Applications/Unity/Hub/Editor/2020.3.6f1/Unity.app/Contents/MonoBleedingEdge/lib/mono/unityjit'
Mono config path = '/Applications/Unity/Hub/Editor/2020.3.6f1/Unity.app/Contents/MonoBleedingEdge/etc'
Using monoOptions --debugger-agent=transport=dt_socket,embedding=1,server=y,suspend=n,address=127.0.0.1:56629
Begin MonoManager ReloadAssembly
Registering precompiled unity dll's ...
Register platform support module: /Applications/Unity/Hub/Editor/2020.3.6f1/PlaybackEngines/WebGLSupport/UnityEditor.WebGL.Extensions.dll
Register platform support module: /Applications/Unity/Hub/Editor/2020.3.6f1/Unity.app/Contents/PlaybackEngines/MacStandaloneSupport/UnityEditor.OSXStandalone.Extensions.dll
Register platform support module: /Applications/Unity/Hub/Editor/2020.3.6f1/PlaybackEngines/WindowsStandaloneSupport/UnityEditor.WindowsStandalone.Extensions.dll
Register platform support module: /Applications/Unity/Hub/Editor/2020.3.6f1/PlaybackEngines/LinuxStandaloneSupport/UnityEditor.LinuxStandalone.Extensions.dll
Register platform support module: /Applications/Unity/Hub/Editor/2020.3.6f1/PlaybackEngines/LuminSupport/UnityEditor.Lumin.Extensions.dll
Registered in 0.054776 seconds.
Native extension for Lumin target not found
Native extension for LinuxStandalone target not found
Native extension for WindowsStandalone target not found
Native extension for OSXStandalone target not found
Native extension for WebGL target not found
Refreshing native plugins compatible for Editor in 67.58 ms, found 1 plugins.
Preloading 0 native plugins for Editor in 0.00 ms.
Mono: successfully reloaded assembly
- Completed reload, in 10.481 seconds
Platform modules already initialized, skipping
Registering precompiled user dll's ...
Registered in 0.002007 seconds.
Begin MonoManager ReloadAssembly
Native extension for Lumin target not found
Native extension for LinuxStandalone target not found
Native extension for WindowsStandalone target not found
Native extension for OSXStandalone target not found
Native extension for WebGL target not found
Refreshing native plugins compatible for Editor in 89.60 ms, found 1 plugins.
Preloading 0 native plugins for Editor in 0.00 ms.
Mono: successfully reloaded assembly
- Completed reload, in  3.340 seconds
Platform modules already initialized, skipping
========================================================================
Worker process is ready to serve import requests
Launching external process: /Applications/Unity/Hub/Editor/2020.3.6f1/Unity.app/Contents/Tools/UnityShaderCompiler
Launched and connected shader compiler UnityShaderCompiler after 0.09 seconds
Refreshing native plugins compatible for Editor in 0.99 ms, found 1 plugins.
Preloading 0 native plugins for Editor in 0.00 ms.
Unloading 1458 Unused Serialized files (Serialized files now loaded: 0)
System memory in use before: 129.5 MB.
System memory in use after: 129.6 MB.

Unloading 12 unused Assets to reduce memory usage. Loaded Objects now: 1903.
Total: 9.633268 ms (FindLiveObjects: 0.615878 ms CreateObjectMapping: 0.216881 ms MarkObjects: 8.616117 ms  DeleteObjects: 0.180882 ms)

========================================================================
Received Import Request.
  path: Assets/ExplosiveLLC/RPG Character Mecanim Animation Pack FREE/Animations/2Hand-Sword/RPG-Character@2Hand-Sword-Strafe-Backward-Right.FBX
  artifactKey: Guid(0b57817742a7a134a8e4ff2c3594632d) Importer(815301076,1909f56bfc062723c751e8b465ee728b)
Start importing Assets/ExplosiveLLC/RPG Character Mecanim Animation Pack FREE/Animations/2Hand-Sword/RPG-Character@2Hand-Sword-Strafe-Backward-Right.FBX using Guid(0b57817742a7a134a8e4ff2c3594632d) Importer(815301076,1909f56bfc062723c751e8b465ee728b)  -> (artifact id: '8efa8781c6237cde681369983c7531e4') in 2.953288 seconds
  Import took 2.959749 seconds .

========================================================================
Received Import Request.
  Time since last request: 0.000632 seconds.
  path: Assets/ExplosiveLLC/RPG Character Mecanim Animation Pack FREE/Animations/2Hand-Sword/RPG-Character@2Hand-Sword-Attack3.FBX
  artifactKey: Guid(018ce46eeecfeae4abb8016f2c6841ca) Importer(815301076,1909f56bfc062723c751e8b465ee728b)
Start importing Assets/ExplosiveLLC/RPG Character Mecanim Animation Pack FREE/Animations/2Hand-Sword/RPG-Character@2Hand-Sword-Attack3.FBX using Guid(018ce46eeecfeae4abb8016f2c6841ca) Importer(815301076,1909f56bfc062723c751e8b465ee728b)  -> (artifact id: 'ef67944efdc6628f93eaa3d80859dba1') in 0.020134 seconds
  Import took 0.029172 seconds .

========================================================================
Received Import Request.
  Time since last request: 0.000387 seconds.
  path: Assets/ExplosiveLLC/RPG Character Mecanim Animation Pack FREE/Animations/2Hand-Sword/RPG-Character@2Hand-Sword-Attack2.FBX
  artifactKey: Guid(7b5b17e2d42e0424f9c36012595dc9b6) Importer(815301076,1909f56bfc062723c751e8b465ee728b)
Start importing Assets/ExplosiveLLC/RPG Character Mecanim Animation Pack FREE/Animations/2Hand-Sword/RPG-Character@2Hand-Sword-Attack2.FBX using Guid(7b5b17e2d42e0424f9c36012595dc9b6) Importer(815301076,1909f56bfc062723c751e8b465ee728b)  -> (artifact id: '5a74b191a0e885651322887129b84c25') in 0.040990 seconds
  Import took 0.046384 seconds .

========================================================================
Received Import Request.
  Time since last request: 0.000546 seconds.
  path: Assets/ExplosiveLLC/RPG Character Mecanim Animation Pack FREE/Animations/2Hand-Sword/RPG-Character@2Hand-Sword-Death1.FBX
  artifactKey: Guid(9757788373ec8734cb4f7a3db84aef2f) Importer(815301076,1909f56bfc062723c751e8b465ee728b)
Start importing Assets/ExplosiveLLC/RPG Character Mecanim Animation Pack FREE/Animations/2Hand-Sword/RPG-Character@2Hand-Sword-Death1.FBX using Guid(9757788373ec8734cb4f7a3db84aef2f) Importer(815301076,1909f56bfc062723c751e8b465ee728b)  -> (artifact id: '6bbaa8088d23276f0cf44ae04c7d899c') in 0.055143 seconds
  Import took 0.068390 seconds .

========================================================================
Received Import Request.
  Time since last request: 0.000179 seconds.
  path: Assets/ExplosiveLLC/RPG Character Mecanim Animation Pack FREE/Animations/2Hand-Sword/RPG-Character@2Hand-Sword-Idle.FBX
  artifactKey: Guid(8370b4128ccb08c4a8944d3f0d66cebc) Importer(815301076,1909f56bfc062723c751e8b465ee728b)
Start importing Assets/ExplosiveLLC/RPG Character Mecanim Animation Pack FREE/Animations/2Hand-Sword/RPG-Character@2Hand-Sword-Idle.FBX using Guid(8370b4128ccb08c4a8944d3f0d66cebc) Importer(815301076,1909f56bfc062723c751e8b465ee728b)  -> (artifact id: '26c8a166ee7e7591d41bbe3d2eb9c381') in 0.066745 seconds
  Import took 0.083712 seconds .

========================================================================
Received Import Request.
  Time since last request: 0.000096 seconds.
  path: Assets/Kevin Iglesias
  artifactKey: Guid(9581551eb9c4845059177ccdd48bd293) Importer(815301076,1909f56bfc062723c751e8b465ee728b)
Start importing Assets/Kevin Iglesias using Guid(9581551eb9c4845059177ccdd48bd293) Importer(815301076,1909f56bfc062723c751e8b465ee728b)  -> (artifact id: '71f2363ba2cc4ea3c7f33e08bd647ae1') in 0.015330 seconds
  Import took 0.076410 seconds .

========================================================================
Received Import Request.
  Time since last request: 0.000634 seconds.
  path: Assets/ExplosiveLLC/SuperCharacterController
  artifactKey: Guid(4704c89c54beeac4c9bf1a9cdb9df149) Importer(815301076,1909f56bfc062723c751e8b465ee728b)
Start importing Assets/ExplosiveLLC/SuperCharacterController using Guid(4704c89c54beeac4c9bf1a9cdb9df149) Importer(815301076,1909f56bfc062723c751e8b465ee728b)  -> (artifact id: 'e587c598a46be9e170a5f65daab12310') in 0.020444 seconds
  Import took 0.026890 seconds .

========================================================================
Received Import Request.
  Time since last request: 0.000962 seconds.
  path: Assets/ExplosiveLLC/RPG Character Mecanim Animation Pack FREE/Animations/2Hand-Sword/RPG-Character@2Hand-Sword-DiveRoll-Forward1.max.FBX
  artifactKey: Guid(6c53184d9a4fe38429cf4aac4a3979d2) Importer(815301076,1909f56bfc062723c751e8b465ee728b)
Start importing Assets/ExplosiveLLC/RPG Character Mecanim Animation Pack FREE/Animations/2Hand-Sword/RPG-Character@2Hand-Sword-DiveRoll-Forward1.max.FBX using Guid(6c53184d9a4fe38429cf4aac4a3979d2) Importer(815301076,1909f56bfc062723c751e8b465ee728b)  -> (artifact id: 'aafcc23c03e746f2d6379ed52faa538c') in 0.029180 seconds
  Import took 0.039199 seconds .

========================================================================
Received Import Request.
  Time since last request: 0.000545 seconds.
  path: Assets/ExplosiveLLC/RPG Character Mecanim Animation Pack FREE
  artifactKey: Guid(b1c9ce867e55e6b489b0360147f7272c) Importer(815301076,1909f56bfc062723c751e8b465ee728b)
Start importing Assets/ExplosiveLLC/RPG Character Mecanim Animation Pack FREE using Guid(b1c9ce867e55e6b489b0360147f7272c) Importer(815301076,1909f56bfc062723c751e8b465ee728b)  -> (artifact id: 'efcb4c62ac4ebda8a9d825253db10329') in 0.002097 seconds
  Import took 0.014638 seconds .

========================================================================
Received Import Request.
  Time since last request: 0.000668 seconds.
  path: Assets/ExplosiveLLC/RPG Character Mecanim Animation Pack FREE/Animations
  artifactKey: Guid(333a26b651c0a304f8ec5288c2dc61b4) Importer(815301076,1909f56bfc062723c751e8b465ee728b)
Start importing Assets/ExplosiveLLC/RPG Character Mecanim Animation Pack FREE/Animations using Guid(333a26b651c0a304f8ec5288c2dc61b4) Importer(815301076,1909f56bfc062723c751e8b465ee728b)  -> (artifact id: '9d7d51b85340dd75a7389ee875f50610') in 0.002449 seconds
  Import took 0.008600 seconds .

========================================================================
Received Import Request.
  Time since last request: 0.000304 seconds.
  path: Assets/ExplosiveLLC/RPG Character Mecanim Animation Pack FREE/Animations/2Hand-Sword/RPG-Character@2Hand-Sword-GetHit-F2.FBX
  artifactKey: Guid(f8cbd01bd5b649048bf365e4ece13d69) Importer(815301076,1909f56bfc062723c751e8b465ee728b)
Start importing Assets/ExplosiveLLC/RPG Character Mecanim Animation Pack FREE/Animations/2Hand-Sword/RPG-Character@2Hand-Sword-GetHit-F2.FBX using Guid(f8cbd01bd5b649048bf365e4ece13d69) Importer(815301076,1909f56bfc062723c751e8b465ee728b)  -> (artifact id: '681f15ae94b213732f84eac85e7555af') in 0.024606 seconds
  Import took 0.031373 seconds .

========================================================================
Received Import Request.
  Time since last request: 0.000321 seconds.
  path: Assets/ExplosiveLLC/RPG Character Mecanim Animation Pack FREE/Animations/2Hand-Sword/RPG-Character@2Hand-Sword-Strafe-Backward-Left.FBX
  artifactKey: Guid(acbd8f9ef088d1f448b9640e40278752) Importer(815301076,1909f56bfc062723c751e8b465ee728b)
Start importing Assets/ExplosiveLLC/RPG Character Mecanim Animation Pack FREE/Animations/2Hand-Sword/RPG-Character@2Hand-Sword-Strafe-Backward-Left.FBX using Guid(acbd8f9ef088d1f448b9640e40278752) Importer(815301076,1909f56bfc062723c751e8b465ee728b)  -> (artifact id: '332cb094af2223512353af1a1917ce07') in 0.085604 seconds
  Import took 0.109200 seconds .

========================================================================
Received Import Request.
  Time since last request: 0.001142 seconds.
  path: Assets/ExplosiveLLC/RPG Character Mecanim Animation Pack FREE/Animations/2Hand-Sword/RPG-Character@2Hand-Sword-Attack6.FBX
  artifactKey: Guid(c9cdccfb9d6cfef4d9992105a94b5d86) Importer(815301076,1909f56bfc062723c751e8b465ee728b)
Start importing Assets/ExplosiveLLC/RPG Character Mecanim Animation Pack FREE/Animations/2Hand-Sword/RPG-Character@2Hand-Sword-Attack6.FBX using Guid(c9cdccfb9d6cfef4d9992105a94b5d86) Importer(815301076,1909f56bfc062723c751e8b465ee728b)  -> (artifact id: '042ce89fa1e691d22785c75dbb2242b0') in 0.033124 seconds
  Import took 0.057569 seconds .

========================================================================
Received Import Request.
  Time since last request: 0.000696 seconds.
  path: Assets/ExplosiveLLC/RPG Character Mecanim Animation Pack FREE/Animations/2Hand-Sword/RPG-Character@2Hand-Sword-GetHit-L1.FBX
  artifactKey: Guid(0dd762bba3f94304ba04bda41e983fd2) Importer(815301076,1909f56bfc062723c751e8b465ee728b)
Start importing Assets/ExplosiveLLC/RPG Character Mecanim Animation Pack FREE/Animations/2Hand-Sword/RPG-Character@2Hand-Sword-GetHit-L1.FBX using Guid(0dd762bba3f94304ba04bda41e983fd2) Importer(815301076,1909f56bfc062723c751e8b465ee728b)  -> (artifact id: '3a91e614e63bf80053eb910d7c923a35') in 0.040805 seconds
  Import took 0.047104 seconds .

========================================================================
Received Import Request.
  Time since last request: 0.000352 seconds.
  path: Assets/ExplosiveLLC/RPG Character Mecanim Animation Pack FREE/Animations/2Hand-Sword/RPG-Character@2Hand-Sword-Run-Forward-Attack1.FBX
  artifactKey: Guid(322adb187b75a0848857a892aacf048c) Importer(815301076,1909f56bfc062723c751e8b465ee728b)
Start importing Assets/ExplosiveLLC/RPG Character Mecanim Animation Pack FREE/Animations/2Hand-Sword/RPG-Character@2Hand-Sword-Run-Forward-Attack1.FBX using Guid(322adb187b75a0848857a892aacf048c) Importer(815301076,1909f56bfc062723c751e8b465ee728b)  -> (artifact id: '4c52559e3aac4af492b0a07d8e968be6') in 0.044713 seconds
  Import took 0.052161 seconds .

========================================================================
Received Import Request.
  Time since last request: 0.001436 seconds.
  path: Assets/ExplosiveLLC/RPG Character Mecanim Animation Pack FREE/Animations/2Hand-Sword/RPG-Character@2Hand-Sword-Strafe-Forward.FBX
  artifactKey: Guid(bcdf2d620dd35934e916526972be7006) Importer(815301076,1909f56bfc062723c751e8b465ee728b)
Start importing Assets/ExplosiveLLC/RPG Character Mecanim Animation Pack FREE/Animations/2Hand-Sword/RPG-Character@2Hand-Sword-Strafe-Forward.FBX using Guid(bcdf2d620dd35934e916526972be7006) Importer(815301076,1909f56bfc062723c751e8b465ee728b)  -> (artifact id: 'f6bd4b768e0e1a8cfb2460001f671c6f') in 0.040050 seconds
  Import took 0.047678 seconds .

========================================================================
Received Import Request.
  Time since last request: 0.023290 seconds.
  path: Assets/ExplosiveLLC/RPG Character Mecanim Animation Pack FREE/Animations/2Hand-Sword/RPG-Character@2Hand-Sword-Strafe-Forward-Right.FBX
  artifactKey: Guid(e4b4867631827db41850aae9ad2a4014) Importer(815301076,1909f56bfc062723c751e8b465ee728b)
Start importing Assets/ExplosiveLLC/RPG Character Mecanim Animation Pack FREE/Animations/2Hand-Sword/RPG-Character@2Hand-Sword-Strafe-Forward-Right.FBX using Guid(e4b4867631827db41850aae9ad2a4014) Importer(815301076,1909f56bfc062723c751e8b465ee728b)  -> (artifact id: '59860611603c7bc68a2ecf93d338ba2b') in 0.037449 seconds
  Import took 0.060183 seconds .

========================================================================
Received Import Request.
  Time since last request: 0.000058 seconds.
  path: Assets/ExplosiveLLC/RPG Character Mecanim Animation Pack FREE/Animations/2Hand-Sword
  artifactKey: Guid(ce1172405a7eec843a79c29478d193e2) Importer(815301076,1909f56bfc062723c751e8b465ee728b)
Start importing Assets/ExplosiveLLC/RPG Character Mecanim Animation Pack FREE/Animations/2Hand-Sword using Guid(ce1172405a7eec843a79c29478d193e2) Importer(815301076,1909f56bfc062723c751e8b465ee728b)  -> (artifact id: '357a6d87d81fdf53cef601f02c3f7648') in 0.002700 seconds
  Import took 0.014655 seconds .

========================================================================
Received Import Request.
  Time since last request: 0.000445 seconds.
  path: Assets/ExplosiveLLC/RPG Character Mecanim Animation Pack FREE/Animations/2Hand-Sword/RPG-Character@2Hand-Sword-Walk-Injured.FBX
  artifactKey: Guid(ca7b4d0f53bd28240a9575d1f2f6c24f) Importer(815301076,1909f56bfc062723c751e8b465ee728b)
Start importing Assets/ExplosiveLLC/RPG Character Mecanim Animation Pack FREE/Animations/2Hand-Sword/RPG-Character@2Hand-Sword-Walk-Injured.FBX using Guid(ca7b4d0f53bd28240a9575d1f2f6c24f) Importer(815301076,1909f56bfc062723c751e8b465ee728b)  -> (artifact id: '30b5244470e37b6f92742116c1bda6a9') in 0.085623 seconds
  Import took 0.095924 seconds .

========================================================================
Received Import Request.
  Time since last request: 0.003912 seconds.
  path: Assets/ExplosiveLLC/RPG Character Mecanim Animation Pack FREE/Animations/2Hand-Sword/RPG-Character@2Hand-Sword-Revive1.FBX
  artifactKey: Guid(3f7c085946129c84384589f91b7439fd) Importer(815301076,1909f56bfc062723c751e8b465ee728b)
Start importing Assets/ExplosiveLLC/RPG Character Mecanim Animation Pack FREE/Animations/2Hand-Sword/RPG-Character@2Hand-Sword-Revive1.FBX using Guid(3f7c085946129c84384589f91b7439fd) Importer(815301076,1909f56bfc062723c751e8b465ee728b)  -> (artifact id: '92826de894b299698ba0851cda302de5') in 0.039247 seconds
  Import took 0.052590 seconds .

========================================================================
Received Import Request.
  Time since last request: 0.000776 seconds.
  path: Assets/ExplosiveLLC/RPG Character Mecanim Animation Pack FREE/Animations/2Hand-Sword/RPG-Character@2Hand-Sword-Strafe-Left.FBX
  artifactKey: Guid(5138183205551c5448d78f2f2e6aaa56) Importer(815301076,1909f56bfc062723c751e8b465ee728b)
Start importing Assets/ExplosiveLLC/RPG Character Mecanim Animation Pack FREE/Animations/2Hand-Sword/RPG-Character@2Hand-Sword-Strafe-Left.FBX using Guid(5138183205551c5448d78f2f2e6aaa56) Importer(815301076,1909f56bfc062723c751e8b465ee728b)  -> (artifact id: '76ebee1c3d4c676079eb456431cccf89') in 0.016659 seconds
  Import took 0.028802 seconds .

========================================================================
Received Import Request.
  Time since last request: 0.000393 seconds.
  path: Assets/ExplosiveLLC/RPG Character Mecanim Animation Pack FREE/Animations/2Hand-Sword/RPG-Character@2Hand-Sword-Jump.FBX
  artifactKey: Guid(afd3b10eb71eaf54bb564f6cc703f2cc) Importer(815301076,1909f56bfc062723c751e8b465ee728b)
Start importing Assets/ExplosiveLLC/RPG Character Mecanim Animation Pack FREE/Animations/2Hand-Sword/RPG-Character@2Hand-Sword-Jump.FBX using Guid(afd3b10eb71eaf54bb564f6cc703f2cc) Importer(815301076,1909f56bfc062723c751e8b465ee728b)  -> (artifact id: 'bd942956c973916a22d469acbbd780c8') in 0.078596 seconds
  Import took 0.101560 seconds .

========================================================================
Received Import Request.
  Time since last request: 0.000406 seconds.
  path: Assets/ExplosiveLLC/RPG Character Mecanim Animation Pack FREE/Animations/2Hand-Sword/RPG-Character@2Hand-Sword-GetHit-B1.FBX
  artifactKey: Guid(c4a6316ca6c9fdc46bb89081e20406a0) Importer(815301076,1909f56bfc062723c751e8b465ee728b)
Start importing Assets/ExplosiveLLC/RPG Character Mecanim Animation Pack FREE/Animations/2Hand-Sword/RPG-Character@2Hand-Sword-GetHit-B1.FBX using Guid(c4a6316ca6c9fdc46bb89081e20406a0) Importer(815301076,1909f56bfc062723c751e8b465ee728b)  -> (artifact id: 'dbaa9889610ff416894a253979a3a6fb') in 0.055874 seconds
  Import took 0.082027 seconds .

========================================================================
Received Import Request.
  Time since last request: 0.001238 seconds.
  path: Assets/ExplosiveLLC/RPG Character Mecanim Animation Pack FREE/Animations/2Hand-Sword/RPG-Character@2Hand-Sword-Walk.FBX
  artifactKey: Guid(3c23279e3e02346458b3f82bb43abf94) Importer(815301076,1909f56bfc062723c751e8b465ee728b)
Start importing Assets/ExplosiveLLC/RPG Character Mecanim Animation Pack FREE/Animations/2Hand-Sword/RPG-Character@2Hand-Sword-Walk.FBX using Guid(3c23279e3e02346458b3f82bb43abf94) Importer(815301076,1909f56bfc062723c751e8b465ee728b)  -> (artifact id: '86c00c6f053970321945475f24f3f318') in 0.170701 seconds
  Import took 0.197182 seconds .

========================================================================
Received Import Request.
  Time since last request: 0.154866 seconds.
  path: Assets/ExplosiveLLC/RPG Character Mecanim Animation Pack FREE/Animations/2Hand-Sword/RPG-Character@2Hand-Sword-Strafe-Forward-Left.FBX
  artifactKey: Guid(6d4445dc5e9a1244583189ebc92cc474) Importer(815301076,1909f56bfc062723c751e8b465ee728b)
Start importing Assets/ExplosiveLLC/RPG Character Mecanim Animation Pack FREE/Animations/2Hand-Sword/RPG-Character@2Hand-Sword-Strafe-Forward-Left.FBX using Guid(6d4445dc5e9a1244583189ebc92cc474) Importer(815301076,1909f56bfc062723c751e8b465ee728b)  -> (artifact id: 'faf8dbfb8fa0941d827707921c3fc0a7') in 0.033618 seconds
  Import took 0.041428 seconds .

========================================================================
Received Import Request.
  Time since last request: 0.021041 seconds.
  path: Assets/ExplosiveLLC/RPG Character Mecanim Animation Pack FREE/Animations/2Hand-Sword/RPG-Character@2Hand-Sword-Sheath-Back-Unarmed.FBX
  artifactKey: Guid(4638ca7fe98a28044a1dd9205af58dea) Importer(815301076,1909f56bfc062723c751e8b465ee728b)
Start importing Assets/ExplosiveLLC/RPG Character Mecanim Animation Pack FREE/Animations/2Hand-Sword/RPG-Character@2Hand-Sword-Sheath-Back-Unarmed.FBX using Guid(4638ca7fe98a28044a1dd9205af58dea) Importer(815301076,1909f56bfc062723c751e8b465ee728b)  -> (artifact id: '3370749dde264c80ff9eb3d2e7e050e8') in 0.019527 seconds
  Import took 0.027836 seconds .

========================================================================
Received Import Request.
  Time since last request: 0.000811 seconds.
  path: Assets/ExplosiveLLC/RPG Character Mecanim Animation Pack FREE/Animations/2Hand-Sword/RPG-Character@2Hand-Sword-Attack5.FBX
  artifactKey: Guid(04cb27dc01c081446ba2c02f2761f01d) Importer(815301076,1909f56bfc062723c751e8b465ee728b)
Start importing Assets/ExplosiveLLC/RPG Character Mecanim Animation Pack FREE/Animations/2Hand-Sword/RPG-Character@2Hand-Sword-Attack5.FBX using Guid(04cb27dc01c081446ba2c02f2761f01d) Importer(815301076,1909f56bfc062723c751e8b465ee728b)  -> (artifact id: 'e9f746674b4762cd6241622c90134bd3') in 0.160093 seconds
  Import took 0.166859 seconds .

========================================================================
Received Import Request.
  Time since last request: 0.074401 seconds.
  path: Assets/ExplosiveLLC/RPG Character Mecanim Animation Pack FREE/Animations/2Hand-Sword/RPG-Character@2Hand-Sword-GetHit-R1.FBX
  artifactKey: Guid(f8f52c7095ad58f4493880a61c998ea1) Importer(815301076,1909f56bfc062723c751e8b465ee728b)
Start importing Assets/ExplosiveLLC/RPG Character Mecanim Animation Pack FREE/Animations/2Hand-Sword/RPG-Character@2Hand-Sword-GetHit-R1.FBX using Guid(f8f52c7095ad58f4493880a61c998ea1) Importer(815301076,1909f56bfc062723c751e8b465ee728b)  -> (artifact id: '968fcf8ca2086f389c8ea97049e2bbc4') in 0.045063 seconds
  Import took 0.055671 seconds .

========================================================================
Received Import Request.
  Time since last request: 0.000991 seconds.
  path: Assets/ExplosiveLLC/RPG Character Mecanim Animation Pack FREE/Animations/2Hand-Sword/RPG-Character@2Hand-Sword-Knockback-Back1.FBX
  artifactKey: Guid(03a1982862fcaba4db62d74a5596d8fe) Importer(815301076,1909f56bfc062723c751e8b465ee728b)
Start importing Assets/ExplosiveLLC/RPG Character Mecanim Animation Pack FREE/Animations/2Hand-Sword/RPG-Character@2Hand-Sword-Knockback-Back1.FBX using Guid(03a1982862fcaba4db62d74a5596d8fe) Importer(815301076,1909f56bfc062723c751e8b465ee728b)  -> (artifact id: '71a0ab67f7d18908ce68301f22ae3792') in 0.052554 seconds
  Import took 0.074019 seconds .

========================================================================
Received Import Request.
  Time since last request: 0.008813 seconds.
  path: Assets/ExplosiveLLC/RPG Character Mecanim Animation Pack FREE/Animations/2Hand-Sword/RPG-Character@2Hand-Sword-Idle-Injured1.FBX
  artifactKey: Guid(9a36dc4d6a84f69419e20bdae76a58f5) Importer(815301076,1909f56bfc062723c751e8b465ee728b)
Start importing Assets/ExplosiveLLC/RPG Character Mecanim Animation Pack FREE/Animations/2Hand-Sword/RPG-Character@2Hand-Sword-Idle-Injured1.FBX using Guid(9a36dc4d6a84f69419e20bdae76a58f5) Importer(815301076,1909f56bfc062723c751e8b465ee728b)  -> (artifact id: 'ef5545383cbdfec6f59003ce028be998') in 0.098700 seconds
  Import took 0.109489 seconds .

========================================================================
Received Import Request.
  Time since last request: 0.000431 seconds.
  path: Assets/ExplosiveLLC/RPG Character Mecanim Animation Pack FREE/Animations/2Hand-Sword/RPG-Character@2Hand-Sword-Fall.FBX
  artifactKey: Guid(af325fd4fbf92f0458ca548353bddf90) Importer(815301076,1909f56bfc062723c751e8b465ee728b)
Start importing Assets/ExplosiveLLC/RPG Character Mecanim Animation Pack FREE/Animations/2Hand-Sword/RPG-Character@2Hand-Sword-Fall.FBX using Guid(af325fd4fbf92f0458ca548353bddf90) Importer(815301076,1909f56bfc062723c751e8b465ee728b)  -> (artifact id: '66f606d147d8d0b12e64a466db6a10d8') in 0.046109 seconds
  Import took 0.057149 seconds .

========================================================================
Received Import Request.
  Time since last request: 0.000309 seconds.
  path: Assets/ExplosiveLLC/RPG Character Mecanim Animation Pack FREE/Animations/2Hand-Sword/RPG-Character@2Hand-Sword-GetHit-F1.FBX
  artifactKey: Guid(861c5aaef9829104d9122fa96811dfb9) Importer(815301076,1909f56bfc062723c751e8b465ee728b)
Start importing Assets/ExplosiveLLC/RPG Character Mecanim Animation Pack FREE/Animations/2Hand-Sword/RPG-Character@2Hand-Sword-GetHit-F1.FBX using Guid(861c5aaef9829104d9122fa96811dfb9) Importer(815301076,1909f56bfc062723c751e8b465ee728b)  -> (artifact id: '666e1851163b59f2e8146bbcdf8bf7d7') in 0.031033 seconds
  Import took 0.036423 seconds .

========================================================================
Received Import Request.
  Time since last request: 0.007086 seconds.
  path: Assets/ExplosiveLLC
  artifactKey: Guid(6aa20bef63c594d91a926b71e9e223ef) Importer(815301076,1909f56bfc062723c751e8b465ee728b)
Start importing Assets/ExplosiveLLC using Guid(6aa20bef63c594d91a926b71e9e223ef) Importer(815301076,1909f56bfc062723c751e8b465ee728b)  -> (artifact id: 'fdf5d3a2bea19e73ccfd02d8d866f780') in 0.001887 seconds
  Import took 0.020638 seconds .

========================================================================
Received Import Request.
  Time since last request: 0.004318 seconds.
  path: Assets/ExplosiveLLC/RPG Character Mecanim Animation Pack FREE/Animations/2Hand-Sword/RPG-Character@2Hand-Sword-Unsheath-Back-Unarmed.FBX
  artifactKey: Guid(f95c96d798bb3b14c8087b88ad5c9f5d) Importer(815301076,1909f56bfc062723c751e8b465ee728b)
Start importing Assets/ExplosiveLLC/RPG Character Mecanim Animation Pack FREE/Animations/2Hand-Sword/RPG-Character@2Hand-Sword-Unsheath-Back-Unarmed.FBX using Guid(f95c96d798bb3b14c8087b88ad5c9f5d) Importer(815301076,1909f56bfc062723c751e8b465ee728b)  -> (artifact id: '0248aa1c5f7ba68f3d17be5cbe5a2469') in 0.069494 seconds
  Import took 0.080501 seconds .

========================================================================
Received Import Request.
  Time since last request: 0.007390 seconds.
  path: Assets/ExplosiveLLC/SuperCharacterController/Player.prefab
  artifactKey: Guid(0241e293f88c9ba4683c927a85520fed) Importer(815301076,1909f56bfc062723c751e8b465ee728b)
Start importing Assets/ExplosiveLLC/SuperCharacterController/Player.prefab using Guid(0241e293f88c9ba4683c927a85520fed) Importer(815301076,1909f56bfc062723c751e8b465ee728b)  -> (artifact id: 'd316c7f4f78c03bdd8a30c27ed9a4d5a') in 2.361388 seconds
  Import took 2.383498 seconds .

========================================================================
Received Import Request.
  Time since last request: 0.000561 seconds.
  path: Assets/ExplosiveLLC/RPG Character Mecanim Animation Pack FREE/Animations/2Hand-Sword/RPG-Character@2Hand-Sword-Run-Forward.FBX
  artifactKey: Guid(0000872662c8fb241bf2ab6cc00dd461) Importer(815301076,1909f56bfc062723c751e8b465ee728b)
Start importing Assets/ExplosiveLLC/RPG Character Mecanim Animation Pack FREE/Animations/2Hand-Sword/RPG-Character@2Hand-Sword-Run-Forward.FBX using Guid(0000872662c8fb241bf2ab6cc00dd461) Importer(815301076,1909f56bfc062723c751e8b465ee728b)  -> (artifact id: '744b5531d9186ce991b718a349799480') in 0.049044 seconds
  Import took 0.058721 seconds .

========================================================================
Received Import Request.
  Time since last request: 0.000816 seconds.
  path: Assets/ExplosiveLLC/RPG Character Mecanim Animation Pack FREE/Animations/2Hand-Sword/RPG-Character@2Hand-Sword-Strafe-Backward.FBX
  artifactKey: Guid(49c8b0222c69c4441a9b6a085641e4eb) Importer(815301076,1909f56bfc062723c751e8b465ee728b)
Start importing Assets/ExplosiveLLC/RPG Character Mecanim Animation Pack FREE/Animations/2Hand-Sword/RPG-Character@2Hand-Sword-Strafe-Backward.FBX using Guid(49c8b0222c69c4441a9b6a085641e4eb) Importer(815301076,1909f56bfc062723c751e8b465ee728b)  -> (artifact id: '110f34ba9e6673f0db648337c4ab1c0a') in 0.073838 seconds
  Import took 0.084516 seconds .

========================================================================
Received Import Request.
  Time since last request: 0.055302 seconds.
  path: Assets/ExplosiveLLC/RPG Character Mecanim Animation Pack FREE/Animations/2Hand-Sword/RPG-Character@2Hand-Sword-Attack4.FBX
  artifactKey: Guid(cdd2643e8053d5b419629acf98510a71) Importer(815301076,1909f56bfc062723c751e8b465ee728b)
Start importing Assets/ExplosiveLLC/RPG Character Mecanim Animation Pack FREE/Animations/2Hand-Sword/RPG-Character@2Hand-Sword-Attack4.FBX using Guid(cdd2643e8053d5b419629acf98510a71) Importer(815301076,1909f56bfc062723c751e8b465ee728b)  -> (artifact id: 'c2cf6c23e8639cbf65510de4699fb8a9') in 0.052778 seconds
  Import took 0.081067 seconds .

========================================================================
Received Import Request.
  Time since last request: 0.008560 seconds.
  path: Assets/ExplosiveLLC/RPG Character Mecanim Animation Pack FREE/Animations/2Hand-Sword/RPG-Character@2Hand-Sword-Attack1.FBX
  artifactKey: Guid(dce280ced5e006c4cb0eb0fab2f51b75) Importer(815301076,1909f56bfc062723c751e8b465ee728b)
Start importing Assets/ExplosiveLLC/RPG Character Mecanim Animation Pack FREE/Animations/2Hand-Sword/RPG-Character@2Hand-Sword-Attack1.FBX using Guid(dce280ced5e006c4cb0eb0fab2f51b75) Importer(815301076,1909f56bfc062723c751e8b465ee728b)  -> (artifact id: 'b78c7ae24c7ec151ae3b5d39c091dff6') in 0.051584 seconds
  Import took 0.091784 seconds .

========================================================================
Received Import Request.
  Time since last request: 0.000982 seconds.
  path: Assets/ExplosiveLLC/RPG Character Mecanim Animation Pack FREE/Animations/2Hand-Sword/RPG-Character@2Hand-Sword-Strafe-Right.FBX
  artifactKey: Guid(9f2cd5651f41077488b70ee6fb92ad24) Importer(815301076,1909f56bfc062723c751e8b465ee728b)
Start importing Assets/ExplosiveLLC/RPG Character Mecanim Animation Pack FREE/Animations/2Hand-Sword/RPG-Character@2Hand-Sword-Strafe-Right.FBX using Guid(9f2cd5651f41077488b70ee6fb92ad24) Importer(815301076,1909f56bfc062723c751e8b465ee728b)  -> (artifact id: 'ad24ed2f13d2e270c6c23f95efe6a05e') in 0.147260 seconds
  Import took 0.169425 seconds .

========================================================================
Received Import Request.
  Time since last request: 11.676182 seconds.
  path: Assets/ExplosiveLLC/RPG Character Mecanim Animation Pack FREE/Models
  artifactKey: Guid(c1a94f9b295f6e540b5f7cb12d0febf0) Importer(815301076,1909f56bfc062723c751e8b465ee728b)
Start importing Assets/ExplosiveLLC/RPG Character Mecanim Animation Pack FREE/Models using Guid(c1a94f9b295f6e540b5f7cb12d0febf0) Importer(815301076,1909f56bfc062723c751e8b465ee728b)  -> (artifact id: '369167753f04b453a1d0f84ce184457b') in 0.005052 seconds
  Import took 0.012160 seconds .

========================================================================
Received Import Request.
  Time since last request: 2.173584 seconds.
  path: Assets/ExplosiveLLC/RPG Character Mecanim Animation Pack FREE/Models/Characters
  artifactKey: Guid(cc05a72d177dd294db973bcf4fd354ff) Importer(815301076,1909f56bfc062723c751e8b465ee728b)
Start importing Assets/ExplosiveLLC/RPG Character Mecanim Animation Pack FREE/Models/Characters using Guid(cc05a72d177dd294db973bcf4fd354ff) Importer(815301076,1909f56bfc062723c751e8b465ee728b)  -> (artifact id: '8e4d68cd44bd80959bcf97b5abb4eecb') in 0.003132 seconds
  Import took 0.012445 seconds .

========================================================================
Received Import Request.
  Time since last request: 0.145504 seconds.
  path: Assets/ExplosiveLLC/RPG Character Mecanim Animation Pack FREE/Models/Characters/RPG-Character-Blender.FBX
  artifactKey: Guid(1d6dec27ae39bb447b8a0ada31d13664) Importer(815301076,1909f56bfc062723c751e8b465ee728b)
Start importing Assets/ExplosiveLLC/RPG Character Mecanim Animation Pack FREE/Models/Characters/RPG-Character-Blender.FBX using Guid(1d6dec27ae39bb447b8a0ada31d13664) Importer(815301076,1909f56bfc062723c751e8b465ee728b)  -> (artifact id: 'e6c33ad45ef36170c0e7d96ab2680713') in 0.723889 seconds
  Import took 0.733587 seconds .

========================================================================
Received Import Request.
  Time since last request: 0.000579 seconds.
  path: Assets/ExplosiveLLC/RPG Character Mecanim Animation Pack FREE/Models/Characters/RPG-Character.FBX
  artifactKey: Guid(e57e9b8cd5e115f4f8d7736473e5c7fd) Importer(815301076,1909f56bfc062723c751e8b465ee728b)
Start importing Assets/ExplosiveLLC/RPG Character Mecanim Animation Pack FREE/Models/Characters/RPG-Character.FBX using Guid(e57e9b8cd5e115f4f8d7736473e5c7fd) Importer(815301076,1909f56bfc062723c751e8b465ee728b)  -> (artifact id: '85bd4bacc6c34c0f537d863c26c2bc28') in 0.064355 seconds
  Import took 0.078523 seconds .

========================================================================
Received Prepare
Registering precompiled user dll's ...
Registered in 0.004367 seconds.
Begin MonoManager ReloadAssembly
Native extension for Lumin target not found
Native extension for LinuxStandalone target not found
Native extension for WindowsStandalone target not found
Native extension for OSXStandalone target not found
Native extension for WebGL target not found
Refreshing native plugins compatible for Editor in 0.30 ms, found 1 plugins.
Preloading 0 native plugins for Editor in 0.00 ms.
Mono: successfully reloaded assembly
- Completed reload, in  2.034 seconds
Platform modules already initialized, skipping
Refreshing native plugins compatible for Editor in 0.59 ms, found 1 plugins.
Preloading 0 native plugins for Editor in 0.00 ms.
Unloading 1453 Unused Serialized files (Serialized files now loaded: 0)
System memory in use before: 157.0 MB.
System memory in use after: 157.0 MB.

Unloading 6 unused Assets to reduce memory usage. Loaded Objects now: 1919.
Total: 4.128258 ms (FindLiveObjects: 0.418011 ms CreateObjectMapping: 0.106454 ms MarkObjects: 3.383530 ms  DeleteObjects: 0.217786 ms)

AssetImportWorkerClient::OnTransportError - code=2 error=End of file
