Using pre-set license

 COMMAND LINE ARGUMENTS:
/Applications/Unity/Hub/Editor/2020.3.6f1/Unity.app/Contents/MacOS/Unity
-adb2
-batchMode
-noUpm
-name
AssetImportWorker0
-projectPath
/Users/mikescomputer/Desktop/GitHubs/ColorBlast/ColorBlast
-logFile
Logs/AssetImportWorker0.log
-srvPort
58923
Successfully changed project path to: /Users/mikescomputer/Desktop/GitHubs/ColorBlast/ColorBlast
/Users/mikescomputer/Desktop/GitHubs/ColorBlast/ColorBlast
Using Asset Import Pipeline V2.
Refreshing native plugins compatible for Editor in 74.17 ms, found 1 plugins.
Preloading 0 native plugins for Editor in 0.00 ms.
Initialize engine version: 2020.3.6f1 (338bb68529b2)
[Subsystems] Discovering subsystems at path /Applications/Unity/Hub/Editor/2020.3.6f1/Unity.app/Contents/Resources/UnitySubsystems
[Subsystems] Discovering subsystems at path /Users/mikescomputer/Desktop/GitHubs/ColorBlast/ColorBlast/Assets
GfxDevice: creating device client; threaded=0
2021-07-05 22:22:53.663 Unity[87164:7242286] Color LCD preferred device: Intel(R) Iris(TM) Graphics 6000 (low power)
2021-07-05 22:22:53.663 Unity[87164:7242286] Metal devices available: 1
2021-07-05 22:22:53.663 Unity[87164:7242286] 0: Intel(R) Iris(TM) Graphics 6000 (low power)
2021-07-05 22:22:53.664 Unity[87164:7242286] Using device Intel(R) Iris(TM) Graphics 6000 (low power)
Initializing Metal device caps: Intel(R) Iris(TM) Graphics 6000
Initialize mono
Mono path[0] = '/Applications/Unity/Hub/Editor/2020.3.6f1/Unity.app/Contents/Managed'
Mono path[1] = '/Applications/Unity/Hub/Editor/2020.3.6f1/Unity.app/Contents/MonoBleedingEdge/lib/mono/unityjit'
Mono config path = '/Applications/Unity/Hub/Editor/2020.3.6f1/Unity.app/Contents/MonoBleedingEdge/etc'
Using monoOptions --debugger-agent=transport=dt_socket,embedding=1,server=y,suspend=n,address=127.0.0.1:56164
Begin MonoManager ReloadAssembly
Registering precompiled unity dll's ...
Register platform support module: /Applications/Unity/Hub/Editor/2020.3.6f1/PlaybackEngines/WebGLSupport/UnityEditor.WebGL.Extensions.dll
Register platform support module: /Applications/Unity/Hub/Editor/2020.3.6f1/Unity.app/Contents/PlaybackEngines/MacStandaloneSupport/UnityEditor.OSXStandalone.Extensions.dll
Register platform support module: /Applications/Unity/Hub/Editor/2020.3.6f1/PlaybackEngines/WindowsStandaloneSupport/UnityEditor.WindowsStandalone.Extensions.dll
Register platform support module: /Applications/Unity/Hub/Editor/2020.3.6f1/PlaybackEngines/LinuxStandaloneSupport/UnityEditor.LinuxStandalone.Extensions.dll
Register platform support module: /Applications/Unity/Hub/Editor/2020.3.6f1/PlaybackEngines/LuminSupport/UnityEditor.Lumin.Extensions.dll
Registered in 0.012845 seconds.
Native extension for Lumin target not found
Native extension for LinuxStandalone target not found
Native extension for WindowsStandalone target not found
Native extension for OSXStandalone target not found
Native extension for WebGL target not found
Refreshing native plugins compatible for Editor in 41.47 ms, found 1 plugins.
Preloading 0 native plugins for Editor in 0.00 ms.
Mono: successfully reloaded assembly
- Completed reload, in  5.584 seconds
Platform modules already initialized, skipping
Registering precompiled user dll's ...
Registered in 0.002202 seconds.
Begin MonoManager ReloadAssembly
Native extension for Lumin target not found
Native extension for LinuxStandalone target not found
Native extension for WindowsStandalone target not found
Native extension for OSXStandalone target not found
Native extension for WebGL target not found
Refreshing native plugins compatible for Editor in 37.67 ms, found 1 plugins.
Preloading 0 native plugins for Editor in 0.00 ms.
Mono: successfully reloaded assembly
- Completed reload, in  1.457 seconds
Platform modules already initialized, skipping
========================================================================
Worker process is ready to serve import requests
Launching external process: /Applications/Unity/Hub/Editor/2020.3.6f1/Unity.app/Contents/Tools/UnityShaderCompiler
Launched and connected shader compiler UnityShaderCompiler after 0.01 seconds
Refreshing native plugins compatible for Editor in 0.60 ms, found 1 plugins.
Preloading 0 native plugins for Editor in 0.00 ms.
Unloading 1458 Unused Serialized files (Serialized files now loaded: 0)
System memory in use before: 129.8 MB.
System memory in use after: 129.9 MB.

Unloading 12 unused Assets to reduce memory usage. Loaded Objects now: 1903.
Total: 3.294938 ms (FindLiveObjects: 0.256935 ms CreateObjectMapping: 0.079305 ms MarkObjects: 2.812691 ms  DeleteObjects: 0.142513 ms)

========================================================================
Received Import Request.
  path: Assets/Scenes
  artifactKey: Guid(7a656b9295ca545c99f485e2a5b1eee4) Importer(815301076,1909f56bfc062723c751e8b465ee728b)
Start importing Assets/Scenes using Guid(7a656b9295ca545c99f485e2a5b1eee4) Importer(815301076,1909f56bfc062723c751e8b465ee728b)  -> (artifact id: '07680a1aba8a9823c6908abede71284d') in 0.008616 seconds
  Import took 0.016451 seconds .

========================================================================
Received Import Request.
  Time since last request: 0.000372 seconds.
  path: Assets/Scenes/SampleScene.unity
  artifactKey: Guid(9fc0d4010bbf28b4594072e72b8655ab) Importer(815301076,1909f56bfc062723c751e8b465ee728b)
Start importing Assets/Scenes/SampleScene.unity using Guid(9fc0d4010bbf28b4594072e72b8655ab) Importer(815301076,1909f56bfc062723c751e8b465ee728b)  -> (artifact id: 'e3c1856a3c1365c84a73502077650e60') in 0.013339 seconds
  Import took 0.018543 seconds .

========================================================================
Received Import Request.
  Time since last request: 5.668053 seconds.
  path: Assets/PlayerCamera.prefab
  artifactKey: Guid(2347e7dd163fe4f8c84f08e78134e21b) Importer(815301076,1909f56bfc062723c751e8b465ee728b)
Start importing Assets/PlayerCamera.prefab using Guid(2347e7dd163fe4f8c84f08e78134e21b) Importer(815301076,1909f56bfc062723c751e8b465ee728b)  -> (artifact id: 'edf47dea0a3849f731e5be3da2040bc0') in 1.343776 seconds
  Import took 1.351412 seconds .

========================================================================
Received Prepare
Registering precompiled user dll's ...
Registered in 0.000977 seconds.
Begin MonoManager ReloadAssembly
Native extension for Lumin target not found
Native extension for LinuxStandalone target not found
Native extension for WindowsStandalone target not found
Native extension for OSXStandalone target not found
Native extension for WebGL target not found
Refreshing native plugins compatible for Editor in 0.40 ms, found 1 plugins.
Preloading 0 native plugins for Editor in 0.00 ms.
Mono: successfully reloaded assembly
- Completed reload, in  1.854 seconds
Platform modules already initialized, skipping
Refreshing native plugins compatible for Editor in 0.48 ms, found 1 plugins.
Preloading 0 native plugins for Editor in 0.00 ms.
Unloading 1453 Unused Serialized files (Serialized files now loaded: 0)
System memory in use before: 151.9 MB.
System memory in use after: 152.0 MB.

Unloading 6 unused Assets to reduce memory usage. Loaded Objects now: 1914.
Total: 7.098053 ms (FindLiveObjects: 0.780913 ms CreateObjectMapping: 0.199904 ms MarkObjects: 5.916077 ms  DeleteObjects: 0.199150 ms)

========================================================================
Received Import Request.
  Time since last request: 176.090890 seconds.
  path: Assets/PlayerCamera.prefab
  artifactKey: Guid(2347e7dd163fe4f8c84f08e78134e21b) Importer(815301076,1909f56bfc062723c751e8b465ee728b)
Start importing Assets/PlayerCamera.prefab using Guid(2347e7dd163fe4f8c84f08e78134e21b) Importer(815301076,1909f56bfc062723c751e8b465ee728b)  -> (artifact id: '7b455cf25d7748c2aa1e613b1be46018') in 0.109180 seconds
  Import took 0.115060 seconds .

========================================================================
Received Import Request.
  Time since last request: 2.860123 seconds.
  path: Assets/PlayerCamera.prefab
  artifactKey: Guid(2347e7dd163fe4f8c84f08e78134e21b) Importer(815301076,1909f56bfc062723c751e8b465ee728b)
Start importing Assets/PlayerCamera.prefab using Guid(2347e7dd163fe4f8c84f08e78134e21b) Importer(815301076,1909f56bfc062723c751e8b465ee728b)  -> (artifact id: '7b455cf25d7748c2aa1e613b1be46018') in 0.016268 seconds
  Import took 0.024529 seconds .

========================================================================
Received Prepare
Registering precompiled user dll's ...
Registered in 0.002489 seconds.
Begin MonoManager ReloadAssembly
Native extension for Lumin target not found
Native extension for LinuxStandalone target not found
Native extension for WindowsStandalone target not found
Native extension for OSXStandalone target not found
Native extension for WebGL target not found
Refreshing native plugins compatible for Editor in 0.58 ms, found 1 plugins.
Preloading 0 native plugins for Editor in 0.00 ms.
Mono: successfully reloaded assembly
- Completed reload, in  1.615 seconds
Platform modules already initialized, skipping
Refreshing native plugins compatible for Editor in 0.63 ms, found 1 plugins.
Preloading 0 native plugins for Editor in 0.00 ms.
Unloading 1453 Unused Serialized files (Serialized files now loaded: 0)
System memory in use before: 152.3 MB.
System memory in use after: 152.4 MB.

Unloading 6 unused Assets to reduce memory usage. Loaded Objects now: 1918.
Total: 2.841401 ms (FindLiveObjects: 0.263943 ms CreateObjectMapping: 0.090582 ms MarkObjects: 2.422139 ms  DeleteObjects: 0.062773 ms)

========================================================================
Received Import Request.
  Time since last request: 145.502681 seconds.
  path: Assets/PlayerCamera.prefab
  artifactKey: Guid(2347e7dd163fe4f8c84f08e78134e21b) Importer(815301076,1909f56bfc062723c751e8b465ee728b)
Start importing Assets/PlayerCamera.prefab using Guid(2347e7dd163fe4f8c84f08e78134e21b) Importer(815301076,1909f56bfc062723c751e8b465ee728b)  -> (artifact id: '520e10e7993f4f0d7a4bf8855d50a158') in 0.160782 seconds
  Import took 0.166109 seconds .

========================================================================
Received Prepare
Registering precompiled user dll's ...
Registered in 0.001955 seconds.
Begin MonoManager ReloadAssembly
Native extension for Lumin target not found
Native extension for LinuxStandalone target not found
Native extension for WindowsStandalone target not found
Native extension for OSXStandalone target not found
Native extension for WebGL target not found
Refreshing native plugins compatible for Editor in 0.32 ms, found 1 plugins.
Preloading 0 native plugins for Editor in 0.00 ms.
Mono: successfully reloaded assembly
- Completed reload, in  1.418 seconds
Platform modules already initialized, skipping
Refreshing native plugins compatible for Editor in 0.46 ms, found 1 plugins.
Preloading 0 native plugins for Editor in 0.00 ms.
Unloading 1453 Unused Serialized files (Serialized files now loaded: 0)
System memory in use before: 152.6 MB.
System memory in use after: 152.7 MB.

Unloading 6 unused Assets to reduce memory usage. Loaded Objects now: 1922.
Total: 2.525077 ms (FindLiveObjects: 0.269951 ms CreateObjectMapping: 0.093511 ms MarkObjects: 2.089012 ms  DeleteObjects: 0.071238 ms)

========================================================================
Received Import Request.
  Time since last request: 57.638328 seconds.
  path: Assets/New Material.mat
  artifactKey: Guid(f7a091088139b4771831c4c192458979) Importer(815301076,1909f56bfc062723c751e8b465ee728b)
Start importing Assets/New Material.mat using Guid(f7a091088139b4771831c4c192458979) Importer(815301076,1909f56bfc062723c751e8b465ee728b)  -> (artifact id: '3e1dc40ed89e8c60f1e73b94363e7f29') in 0.675343 seconds
  Import took 0.680762 seconds .

========================================================================
Received Prepare
Registering precompiled user dll's ...
Registered in 0.000979 seconds.
Begin MonoManager ReloadAssembly
Native extension for Lumin target not found
Native extension for LinuxStandalone target not found
Native extension for WindowsStandalone target not found
Native extension for OSXStandalone target not found
Native extension for WebGL target not found
Refreshing native plugins compatible for Editor in 0.41 ms, found 1 plugins.
Preloading 0 native plugins for Editor in 0.00 ms.
Mono: successfully reloaded assembly
- Completed reload, in  1.314 seconds
Platform modules already initialized, skipping
Refreshing native plugins compatible for Editor in 0.31 ms, found 1 plugins.
Preloading 0 native plugins for Editor in 0.00 ms.
Unloading 1453 Unused Serialized files (Serialized files now loaded: 0)
System memory in use before: 157.5 MB.
System memory in use after: 157.5 MB.

Unloading 5 unused Assets to reduce memory usage. Loaded Objects now: 1959.
Total: 3.016687 ms (FindLiveObjects: 0.324591 ms CreateObjectMapping: 0.080227 ms MarkObjects: 2.535643 ms  DeleteObjects: 0.073674 ms)

========================================================================
Received Import Request.
  Time since last request: 39.498480 seconds.
  path: Assets/New Material.mat
  artifactKey: Guid(f7a091088139b4771831c4c192458979) Importer(815301076,1909f56bfc062723c751e8b465ee728b)
Start importing Assets/New Material.mat using Guid(f7a091088139b4771831c4c192458979) Importer(815301076,1909f56bfc062723c751e8b465ee728b)  -> (artifact id: '2d7c71ceacaec9061be938474e287be1') in 0.085992 seconds
  Import took 0.090116 seconds .

